----------------------------------------
Timestamp: 1/11/2016 6:51:01 PM

Message: This is a info message

Category: General

Priority: -1

EventId: 0

Severity: Information

Title:

Machine: WIN-N5G4F0REQCM

App Domain: Elib.vshost.exe

ProcessId: 7016

Process Name: C:\Users\amaldevv\documents\visual studio 2015\Projects\Elib\Elib\bin\Debug\Elib.vshost.exe

Thread Name: 

Win32 ThreadId:3248

Extended Properties: 
----------------------------------------
----------------------------------------
Timestamp: 1/11/2016 6:51:01 PM

Message: 973 -> This is a critical message

Category: General

Priority: -1

EventId: 0

Severity: Critical

Title:

Machine: WIN-N5G4F0REQCM

App Domain: Elib.vshost.exe

ProcessId: 7016

Process Name: C:\Users\amaldevv\documents\visual studio 2015\Projects\Elib\Elib\bin\Debug\Elib.vshost.exe

Thread Name: 

Win32 ThreadId:3248

Extended Properties: 
----------------------------------------
----------------------------------------
Timestamp: 1/11/2016 6:51:01 PM

Message: This is a debug info

Category: General

Priority: -1

EventId: 0

Severity: Verbose

Title:

Machine: WIN-N5G4F0REQCM

App Domain: Elib.vshost.exe

ProcessId: 7016

Process Name: C:\Users\amaldevv\documents\visual studio 2015\Projects\Elib\Elib\bin\Debug\Elib.vshost.exe

Thread Name: 

Win32 ThreadId:3248

Extended Properties: 
----------------------------------------
----------------------------------------
Timestamp: 1/11/2016 6:51:01 PM

Message: This is a warning message

Category: General

Priority: -1

EventId: 0

Severity: Warning

Title:

Machine: WIN-N5G4F0REQCM

App Domain: Elib.vshost.exe

ProcessId: 7016

Process Name: C:\Users\amaldevv\documents\visual studio 2015\Projects\Elib\Elib\bin\Debug\Elib.vshost.exe

Thread Name: 

Win32 ThreadId:3248

Extended Properties: 
----------------------------------------
----------------------------------------
Timestamp: 1/11/2016 6:51:01 PM

Message: This is a info message

Category: General

Priority: -1

EventId: 0

Severity: Information

Title:

Machine: WIN-N5G4F0REQCM

App Domain: Elib.vshost.exe

ProcessId: 7016

Process Name: C:\Users\amaldevv\documents\visual studio 2015\Projects\Elib\Elib\bin\Debug\Elib.vshost.exe

Thread Name: 

Win32 ThreadId:3248

Extended Properties: 
----------------------------------------
----------------------------------------
Timestamp: 1/11/2016 6:51:01 PM

Message: 974 -> This is a critical message

Category: General

Priority: -1

EventId: 0

Severity: Critical

Title:

Machine: WIN-N5G4F0REQCM

App Domain: Elib.vshost.exe

ProcessId: 7016

Process Name: C:\Users\amaldevv\documents\visual studio 2015\Projects\Elib\Elib\bin\Debug\Elib.vshost.exe

Thread Name: 

Win32 ThreadId:3248

Extended Properties: 
----------------------------------------
----------------------------------------
Timestamp: 1/11/2016 6:51:01 PM

Message: This is a debug info

Category: General

Priority: -1

EventId: 0

Severity: Verbose

Title:

Machine: WIN-N5G4F0REQCM

App Domain: Elib.vshost.exe

ProcessId: 7016

Process Name: C:\Users\amaldevv\documents\visual studio 2015\Projects\Elib\Elib\bin\Debug\Elib.vshost.exe

Thread Name: 

Win32 ThreadId:3248

Extended Properties: 
----------------------------------------
----------------------------------------
Timestamp: 1/11/2016 6:51:01 PM

Message: This is a warning message

Category: General

Priority: -1

EventId: 0

Severity: Warning

Title:

Machine: WIN-N5G4F0REQCM

App Domain: Elib.vshost.exe

ProcessId: 7016

Process Name: C:\Users\amaldevv\documents\visual studio 2015\Projects\Elib\Elib\bin\Debug\Elib.vshost.exe

Thread Name: 

Win32 ThreadId:3248

Extended Properties: 
----------------------------------------
----------------------------------------
Timestamp: 1/11/2016 6:51:01 PM

Message: This is a info message

Category: General

Priority: -1

EventId: 0

Severity: Information

Title:

Machine: WIN-N5G4F0REQCM

App Domain: Elib.vshost.exe

ProcessId: 7016

Process Name: C:\Users\amaldevv\documents\visual studio 2015\Projects\Elib\Elib\bin\Debug\Elib.vshost.exe

Thread Name: 

Win32 ThreadId:3248

Extended Properties: 
----------------------------------------
----------------------------------------
Timestamp: 1/11/2016 6:51:01 PM

Message: 975 -> This is a critical message

Category: General

Priority: -1

EventId: 0

Severity: Critical

Title:

Machine: WIN-N5G4F0REQCM

App Domain: Elib.vshost.exe

ProcessId: 7016

Process Name: C:\Users\amaldevv\documents\visual studio 2015\Projects\Elib\Elib\bin\Debug\Elib.vshost.exe

Thread Name: 

Win32 ThreadId:3248

Extended Properties: 
----------------------------------------
----------------------------------------
Timestamp: 1/11/2016 6:51:01 PM

Message: This is a debug info

Category: General

Priority: -1

EventId: 0

Severity: Verbose

Title:

Machine: WIN-N5G4F0REQCM

App Domain: Elib.vshost.exe

ProcessId: 7016

Process Name: C:\Users\amaldevv\documents\visual studio 2015\Projects\Elib\Elib\bin\Debug\Elib.vshost.exe

Thread Name: 

Win32 ThreadId:3248

Extended Properties: 
----------------------------------------
